[debug] [2025-08-16T02:59:41.047Z] ----------------------------------------------------------------------
[debug] [2025-08-16T02:59:41.077Z] Command:       C:\Program Files\nodejs\node.exe C:\Users\varga\AppData\Roaming\npm\node_modules\firebase-tools\lib\bin\firebase.js init functions
[debug] [2025-08-16T02:59:41.078Z] CLI Version:   14.12.1
[debug] [2025-08-16T02:59:41.078Z] Platform:      win32
[debug] [2025-08-16T02:59:41.079Z] Node Version:  v22.16.0
[debug] [2025-08-16T02:59:41.080Z] Time:          Sat Aug 16 2025 10:59:41 GMT+0800 (Philippine Standard Time)
[debug] [2025-08-16T02:59:41.081Z] ----------------------------------------------------------------------
[debug] 
[debug] [2025-08-16T02:59:41.093Z] >>> [apiv2][query] GET https://firebase-public.firebaseio.com/cli.json [none]
[debug] [2025-08-16T02:59:41.245Z] > command requires scopes: ["email","openid","https://www.googleapis.com/auth/cloudplatformprojects.readonly","https://www.googleapis.com/auth/firebase","https://www.googleapis.com/auth/cloud-platform"]
[debug] [2025-08-16T02:59:41.246Z] > authorizing via signed-in user (vargasgeorge13@gmail.com)
[info] 
     ######## #### ########  ######## ########     ###     ######  ########
     ##        ##  ##     ## ##       ##     ##  ##   ##  ##       ##
     ######    ##  ########  ######   ########  #########  ######  ######
     ##        ##  ##    ##  ##       ##     ## ##     ##       ## ##
     ##       #### ##     ## ######## ########  ##     ##  ######  ########

You're about to initialize a Firebase project in this directory:

  C:\Mobile Capstone\New\New_mobile\Admin

Before we get started, keep in mind:

  * You are currently outside your home directory

[debug] [2025-08-16T02:59:41.807Z] <<< [apiv2][status] GET https://firebase-public.firebaseio.com/cli.json 200
[debug] [2025-08-16T02:59:41.807Z] <<< [apiv2][body] GET https://firebase-public.firebaseio.com/cli.json {"cloudBuildErrorAfter":1594252800000,"cloudBuildWarnAfter":1590019200000,"defaultNode10After":1594252800000,"minVersion":"3.0.5","node8DeploysDisabledAfter":1613390400000,"node8RuntimeDisabledAfter":1615809600000,"node8WarnAfter":1600128000000}
[info] 
=== Project Setup
[info] 
[info] First, let's associate this project directory with a Firebase project.
[info] You can create multiple project aliases by running firebase use --add, 
[info] but for now we'll just set up a default project.
[info] 
[debug] [2025-08-16T03:01:17.182Z] Checked if tokens are valid: false, expires at: 1741200175772
[debug] [2025-08-16T03:01:17.226Z] Checked if tokens are valid: false, expires at: 1741200175772
[debug] [2025-08-16T03:01:17.241Z] > refreshing access token with scopes: []
[debug] [2025-08-16T03:01:17.356Z] >>> [apiv2][query] POST https://www.googleapis.com/oauth2/v3/token [none]
[debug] [2025-08-16T03:01:17.356Z] >>> [apiv2][body] POST https://www.googleapis.com/oauth2/v3/token [omitted]
[debug] [2025-08-16T03:01:18.109Z] <<< [apiv2][status] POST https://www.googleapis.com/oauth2/v3/token 200
[debug] [2025-08-16T03:01:18.109Z] <<< [apiv2][body] POST https://www.googleapis.com/oauth2/v3/token [omitted]
[debug] [2025-08-16T03:01:18.158Z] >>> [apiv2][query] GET https://firebase.googleapis.com/v1beta1/availableProjects pageSize=100
[debug] [2025-08-16T03:01:19.071Z] <<< [apiv2][status] GET https://firebase.googleapis.com/v1beta1/availableProjects 200
[debug] [2025-08-16T03:01:19.071Z] <<< [apiv2][body] GET https://firebase.googleapis.com/v1beta1/availableProjects [omitted]
[debug] [2025-08-16T03:02:15.673Z] Checked if tokens are valid: true, expires at: 1755316877113
[debug] [2025-08-16T03:02:15.683Z] Checked if tokens are valid: true, expires at: 1755316877113
[debug] [2025-08-16T03:02:15.692Z] >>> [apiv2][query] POST https://firebase.googleapis.com/v1beta1/projects/angelic-phoenix-458517-n1:addFirebase [none]
[debug] [2025-08-16T03:02:17.701Z] <<< [apiv2][status] POST https://firebase.googleapis.com/v1beta1/projects/angelic-phoenix-458517-n1:addFirebase 200
[debug] [2025-08-16T03:02:17.703Z] <<< [apiv2][body] POST https://firebase.googleapis.com/v1beta1/projects/angelic-phoenix-458517-n1:addFirebase {"name":"operations/workflows/N2EyNDZlZTAtOTZiYy00NDhlLTg5N2YtODU5ODc0NzU5N2Mx"}
[debug] [2025-08-16T03:02:17.725Z] Checked if tokens are valid: true, expires at: 1755316877113
[debug] [2025-08-16T03:02:17.726Z] Checked if tokens are valid: true, expires at: 1755316877113
[debug] [2025-08-16T03:02:17.727Z] >>> [apiv2][query] GET https://firebase.googleapis.com/v1beta1/operations/workflows/N2EyNDZlZTAtOTZiYy00NDhlLTg5N2YtODU5ODc0NzU5N2Mx [none]
[debug] [2025-08-16T03:02:19.626Z] <<< [apiv2][status] GET https://firebase.googleapis.com/v1beta1/operations/workflows/N2EyNDZlZTAtOTZiYy00NDhlLTg5N2YtODU5ODc0NzU5N2Mx 200
[debug] [2025-08-16T03:02:19.627Z] <<< [apiv2][body] GET https://firebase.googleapis.com/v1beta1/operations/workflows/N2EyNDZlZTAtOTZiYy00NDhlLTg5N2YtODU5ODc0NzU5N2Mx {"name":"operations/workflows/N2EyNDZlZTAtOTZiYy00NDhlLTg5N2YtODU5ODc0NzU5N2Mx"}
[debug] [2025-08-16T03:02:20.156Z] [Add Firebase Poller] Retrying task index 0
[debug] [2025-08-16T03:02:20.159Z] Checked if tokens are valid: true, expires at: 1755316877113
[debug] [2025-08-16T03:02:20.159Z] Checked if tokens are valid: true, expires at: 1755316877113
[debug] [2025-08-16T03:02:20.160Z] >>> [apiv2][query] GET https://firebase.googleapis.com/v1beta1/operations/workflows/N2EyNDZlZTAtOTZiYy00NDhlLTg5N2YtODU5ODc0NzU5N2Mx [none]
[debug] [2025-08-16T03:02:24.297Z] <<< [apiv2][status] GET https://firebase.googleapis.com/v1beta1/operations/workflows/N2EyNDZlZTAtOTZiYy00NDhlLTg5N2YtODU5ODc0NzU5N2Mx 200
[debug] [2025-08-16T03:02:24.297Z] <<< [apiv2][body] GET https://firebase.googleapis.com/v1beta1/operations/workflows/N2EyNDZlZTAtOTZiYy00NDhlLTg5N2YtODU5ODc0NzU5N2Mx {"name":"operations/workflows/N2EyNDZlZTAtOTZiYy00NDhlLTg5N2YtODU5ODc0NzU5N2Mx"}
[debug] [2025-08-16T03:02:25.304Z] [Add Firebase Poller] Retrying task index 0
[debug] [2025-08-16T03:02:25.305Z] Checked if tokens are valid: true, expires at: 1755316877113
[debug] [2025-08-16T03:02:25.307Z] Checked if tokens are valid: true, expires at: 1755316877113
[debug] [2025-08-16T03:02:25.307Z] >>> [apiv2][query] GET https://firebase.googleapis.com/v1beta1/operations/workflows/N2EyNDZlZTAtOTZiYy00NDhlLTg5N2YtODU5ODc0NzU5N2Mx [none]
[debug] [2025-08-16T03:02:25.717Z] <<< [apiv2][status] GET https://firebase.googleapis.com/v1beta1/operations/workflows/N2EyNDZlZTAtOTZiYy00NDhlLTg5N2YtODU5ODc0NzU5N2Mx 200
[debug] [2025-08-16T03:02:25.718Z] <<< [apiv2][body] GET https://firebase.googleapis.com/v1beta1/operations/workflows/N2EyNDZlZTAtOTZiYy00NDhlLTg5N2YtODU5ODc0NzU5N2Mx {"name":"operations/workflows/N2EyNDZlZTAtOTZiYy00NDhlLTg5N2YtODU5ODc0NzU5N2Mx"}
[debug] [2025-08-16T03:02:27.722Z] [Add Firebase Poller] Retrying task index 0
[debug] [2025-08-16T03:02:27.724Z] Checked if tokens are valid: true, expires at: 1755316877113
[debug] [2025-08-16T03:02:27.724Z] Checked if tokens are valid: true, expires at: 1755316877113
[debug] [2025-08-16T03:02:27.725Z] >>> [apiv2][query] GET https://firebase.googleapis.com/v1beta1/operations/workflows/N2EyNDZlZTAtOTZiYy00NDhlLTg5N2YtODU5ODc0NzU5N2Mx [none]
[debug] [2025-08-16T03:02:28.176Z] <<< [apiv2][status] GET https://firebase.googleapis.com/v1beta1/operations/workflows/N2EyNDZlZTAtOTZiYy00NDhlLTg5N2YtODU5ODc0NzU5N2Mx 200
[debug] [2025-08-16T03:02:28.176Z] <<< [apiv2][body] GET https://firebase.googleapis.com/v1beta1/operations/workflows/N2EyNDZlZTAtOTZiYy00NDhlLTg5N2YtODU5ODc0NzU5N2Mx {"name":"operations/workflows/N2EyNDZlZTAtOTZiYy00NDhlLTg5N2YtODU5ODc0NzU5N2Mx","done":true,"response":{"@type":"type.googleapis.com/google.firebase.service.v1beta1.FirebaseProject","projectId":"angelic-phoenix-458517-n1","projectNumber":"689028273036","displayName":"My First Project","name":"projects/angelic-phoenix-458517-n1","resources":{"hostingSite":"angelic-phoenix-458517-n1"}}}
[info] 
[info] === Your Firebase project is ready! ===
[info] 
[info] Project information:
[info]    - Project ID: angelic-phoenix-458517-n1
[info]    - Project Name: My First Project
[info] 
[info] Firebase console is available at
[info] https://console.firebase.google.com/project/angelic-phoenix-458517-n1/overview
[info] i  Using project angelic-phoenix-458517-n1 (My First Project) 
[info] 
=== Functions Setup
[debug] [2025-08-16T03:02:28.291Z] > command requires scopes: ["email","openid","https://www.googleapis.com/auth/cloudplatformprojects.readonly","https://www.googleapis.com/auth/firebase","https://www.googleapis.com/auth/cloud-platform"]
[debug] [2025-08-16T03:02:28.293Z] > authorizing via signed-in user (vargasgeorge13@gmail.com)
[debug] [2025-08-16T03:02:28.293Z] [iam] checking project angelic-phoenix-458517-n1 for permissions ["firebase.projects.get"]
[debug] [2025-08-16T03:02:28.297Z] Checked if tokens are valid: true, expires at: 1755316877113
[debug] [2025-08-16T03:02:28.298Z] Checked if tokens are valid: true, expires at: 1755316877113
[debug] [2025-08-16T03:02:28.298Z] >>> [apiv2][query] POST https://cloudresourcemanager.googleapis.com/v1/projects/angelic-phoenix-458517-n1:testIamPermissions [none]
[debug] [2025-08-16T03:02:28.298Z] >>> [apiv2][(partial)header] POST https://cloudresourcemanager.googleapis.com/v1/projects/angelic-phoenix-458517-n1:testIamPermissions x-goog-quota-user=projects/angelic-phoenix-458517-n1
[debug] [2025-08-16T03:02:28.298Z] >>> [apiv2][body] POST https://cloudresourcemanager.googleapis.com/v1/projects/angelic-phoenix-458517-n1:testIamPermissions {"permissions":["firebase.projects.get"]}
[debug] [2025-08-16T03:02:29.290Z] <<< [apiv2][status] POST https://cloudresourcemanager.googleapis.com/v1/projects/angelic-phoenix-458517-n1:testIamPermissions 200
[debug] [2025-08-16T03:02:29.291Z] <<< [apiv2][body] POST https://cloudresourcemanager.googleapis.com/v1/projects/angelic-phoenix-458517-n1:testIamPermissions {"permissions":["firebase.projects.get"]}
[debug] [2025-08-16T03:02:29.305Z] Checked if tokens are valid: true, expires at: 1755316877113
[debug] [2025-08-16T03:02:29.305Z] Checked if tokens are valid: true, expires at: 1755316877113
[debug] [2025-08-16T03:02:29.308Z] Checked if tokens are valid: true, expires at: 1755316877113
[debug] [2025-08-16T03:02:29.309Z] Checked if tokens are valid: true, expires at: 1755316877113
[debug] [2025-08-16T03:02:29.310Z] >>> [apiv2][query] GET https://serviceusage.googleapis.com/v1/projects/angelic-phoenix-458517-n1/services/cloudfunctions.googleapis.com [none]
[debug] [2025-08-16T03:02:29.311Z] >>> [apiv2][(partial)header] GET https://serviceusage.googleapis.com/v1/projects/angelic-phoenix-458517-n1/services/cloudfunctions.googleapis.com x-goog-quota-user=projects/angelic-phoenix-458517-n1
[debug] [2025-08-16T03:02:29.314Z] >>> [apiv2][query] GET https://serviceusage.googleapis.com/v1/projects/angelic-phoenix-458517-n1/services/runtimeconfig.googleapis.com [none]
[debug] [2025-08-16T03:02:29.314Z] >>> [apiv2][(partial)header] GET https://serviceusage.googleapis.com/v1/projects/angelic-phoenix-458517-n1/services/runtimeconfig.googleapis.com x-goog-quota-user=projects/angelic-phoenix-458517-n1
[debug] [2025-08-16T03:02:30.603Z] <<< [apiv2][status] GET https://serviceusage.googleapis.com/v1/projects/angelic-phoenix-458517-n1/services/runtimeconfig.googleapis.com 200
[debug] [2025-08-16T03:02:30.604Z] <<< [apiv2][body] GET https://serviceusage.googleapis.com/v1/projects/angelic-phoenix-458517-n1/services/runtimeconfig.googleapis.com [omitted]
[debug] [2025-08-16T03:02:30.658Z] <<< [apiv2][status] GET https://serviceusage.googleapis.com/v1/projects/angelic-phoenix-458517-n1/services/cloudfunctions.googleapis.com 200
[debug] [2025-08-16T03:02:30.659Z] <<< [apiv2][body] GET https://serviceusage.googleapis.com/v1/projects/angelic-phoenix-458517-n1/services/cloudfunctions.googleapis.com [omitted]
[debug] [2025-08-16T03:02:30.660Z] Checked if tokens are valid: true, expires at: 1755316877113
[debug] [2025-08-16T03:02:30.660Z] Checked if tokens are valid: true, expires at: 1755316877113
[debug] [2025-08-16T03:02:30.661Z] >>> [apiv2][query] POST https://serviceusage.googleapis.com/v1/projects/angelic-phoenix-458517-n1/services/cloudfunctions.googleapis.com:enable [none]
[debug] [2025-08-16T03:02:30.661Z] >>> [apiv2][(partial)header] POST https://serviceusage.googleapis.com/v1/projects/angelic-phoenix-458517-n1/services/cloudfunctions.googleapis.com:enable x-goog-quota-user=projects/angelic-phoenix-458517-n1
[debug] [2025-08-16T03:02:31.112Z] <<< [apiv2][status] POST https://serviceusage.googleapis.com/v1/projects/angelic-phoenix-458517-n1/services/cloudfunctions.googleapis.com:enable 200
[debug] [2025-08-16T03:02:31.113Z] <<< [apiv2][body] POST https://serviceusage.googleapis.com/v1/projects/angelic-phoenix-458517-n1/services/cloudfunctions.googleapis.com:enable [omitted]
[info] Let's create a new codebase for your functions.
[info] A directory corresponding to the codebase will be created in your project
[info] with sample code pre-configured.

[info] See https://firebase.google.com/docs/functions/organize-functions for
[info] more information on organizing your functions using codebases.

[info] Functions can be deployed with firebase deploy.

[debug] [2025-08-16T03:02:53.944Z] ExitPromptError: User force closed the prompt with SIGINT
    at Interface.sigint (C:\Users\varga\AppData\Roaming\npm\node_modules\firebase-tools\node_modules\@inquirer\core\dist\commonjs\lib\create-prompt.js:101:37)
    at Interface.emit (node:events:518:28)
    at Interface.emit (node:domain:489:12)
    at [_ttyWrite] [as _ttyWrite] (node:internal/readline/interface:1128:18)
    at ReadStream.onkeypress (node:internal/readline/interface:267:20)
    at ReadStream.emit (node:events:530:35)
    at ReadStream.emit (node:domain:489:12)
    at emitKeys (node:internal/readline/utils:370:14)
    at emitKeys.next (<anonymous>)
    at ReadStream.onData (node:internal/readline/emitKeypressEvents:64:36)
[error] 
[error] Error: An unexpected error has occurred.
